<?xml version="1.0" encoding="UTF-8"?>
<testsuite xmlns:xsi="http://www.w3.org/2001/XMLSchema-instance" xsi:noNamespaceSchemaLocation="https://maven.apache.org/surefire/maven-surefire-plugin/xsd/surefire-test-report-3.0.xsd" version="3.0" name="com.example.workflow.service.UserServiceTest" time="1.048" tests="13" errors="0" skipped="0" failures="0">
  <properties>
[...]
</properties>
  <testcase name="registrationRejectsDuplicatePhoneBeforeStartingProcess" classname="com.example.workflow.service.UserServiceTest" time="0.303"/>
  <testcase name="registrationAlwaysStartsProcessWithUserRole" classname="com.example.workflow.service.UserServiceTest" time="0.016"/>
  <testcase name="registrationRejectsDuplicateUsernameBeforeStartingProcess" classname="com.example.workflow.service.UserServiceTest" time="0.093"/>
  <testcase name="getUserByIdThrowsWhenUserDoesNotExist" classname="com.example.workflow.service.UserServiceTest" time="0.045"/>
  <testcase name="registrationAllowsAdminToAssignNonUserRole" classname="com.example.workflow.service.UserServiceTest" time="0.245"/>
  <testcase name="registrationRejectsInvalidRoleWhenCurrentUserCanAssignRole" classname="com.example.workflow.service.UserServiceTest" time="0.031"/>
  <testcase name="deleteUserDisablesKeycloakUserAndSoftDeletesEntity" classname="com.example.workflow.service.UserServiceTest" time="0.0"/>
  <testcase name="registrationRejectsBlankPasswordBeforeStartingProcess" classname="com.example.workflow.service.UserServiceTest" time="0.031"/>
  <testcase name="appExceptionFormatsParameterizedMessage" classname="com.example.workflow.service.UserServiceTest" time="0.002"/>
  <testcase name="getUserByIdReturnsMappedResponse" classname="com.example.workflow.service.UserServiceTest" time="0.019"/>
  <testcase name="updateUserSyncsKeycloakAndPersistsMappedEntity" classname="com.example.workflow.service.UserServiceTest" time="0.016"/>
  <testcase name="registrationNormalizesBlankEmailToNull" classname="com.example.workflow.service.UserServiceTest" time="0.122"/>
  <testcase name="registrationRejectsDuplicateEmailBeforeStartingProcess" classname="com.example.workflow.service.UserServiceTest" time="0.054"/>
</testsuite>